<?xml version="1.0" encoding="UTF-8"?>
<testng-results ignored="0" total="2" passed="2" failed="0" skipped="0">
  <reporter-output>
  </reporter-output>
  <suite started-at="2025-05-27T13:11:02 IST" name="Suite" finished-at="2025-05-27T13:11:18 IST" duration-ms="16515">
    <groups>
      <group name="Master">
        <method signature="TC001_AccountRegistrationTest.veryfy_account_registration()[pri:0, instance:testCases.TC001_AccountRegistrationTest@741a8937]" name="veryfy_account_registration" class="testCases.TC001_AccountRegistrationTest"/>
        <method signature="TC002_LoginTest.Verify_Login()[pri:0, instance:testCases.TC002_LoginTest@1b2abca6]" name="Verify_Login" class="testCases.TC002_LoginTest"/>
      </group> <!-- Master -->
      <group name="Sanity">
        <method signature="TC002_LoginTest.Verify_Login()[pri:0, instance:testCases.TC002_LoginTest@1b2abca6]" name="Verify_Login" class="testCases.TC002_LoginTest"/>
      </group> <!-- Sanity -->
      <group name="Regression">
        <method signature="TC001_AccountRegistrationTest.veryfy_account_registration()[pri:0, instance:testCases.TC001_AccountRegistrationTest@741a8937]" name="veryfy_account_registration" class="testCases.TC001_AccountRegistrationTest"/>
      </group> <!-- Regression -->
    </groups>
    <test started-at="2025-05-27T13:11:02 IST" name="Test" finished-at="2025-05-27T13:11:18 IST" duration-ms="16515">
      <class name="testCases.TC002_LoginTest">
        <test-method is-config="true" signature="setup(java.lang.String,java.lang.String)[pri:0, instance:testCases.TC002_LoginTest@1b2abca6]" started-at="2025-05-27T13:11:12 IST" name="setup" finished-at="2025-05-27T13:11:15 IST" duration-ms="3045" status="PASS">
          <params>
            <param index="0">
              <value>
                <![CDATA[windows]]>
              </value>
            </param>
            <param index="1">
              <value>
                <![CDATA[edge]]>
              </value>
            </param>
          </params>
          <reporter-output>
          </reporter-output>
        </test-method> <!-- setup -->
        <test-method signature="Verify_Login()[pri:0, instance:testCases.TC002_LoginTest@1b2abca6]" started-at="2025-05-27T13:11:15 IST" name="Verify_Login" finished-at="2025-05-27T13:11:17 IST" duration-ms="2028" status="PASS">
          <reporter-output>
          </reporter-output>
        </test-method> <!-- Verify_Login -->
        <test-method is-config="true" signature="tearout()[pri:0, instance:testCases.TC002_LoginTest@1b2abca6]" started-at="2025-05-27T13:11:17 IST" name="tearout" finished-at="2025-05-27T13:11:18 IST" duration-ms="1285" status="PASS">
          <reporter-output>
          </reporter-output>
        </test-method> <!-- tearout -->
      </class> <!-- testCases.TC002_LoginTest -->
      <class name="testCases.TC001_AccountRegistrationTest">
        <test-method is-config="true" signature="setup(java.lang.String,java.lang.String)[pri:0, instance:testCases.TC001_AccountRegistrationTest@741a8937]" started-at="2025-05-27T13:11:02 IST" name="setup" finished-at="2025-05-27T13:11:08 IST" duration-ms="5884" status="PASS">
          <params>
            <param index="0">
              <value>
                <![CDATA[windows]]>
              </value>
            </param>
            <param index="1">
              <value>
                <![CDATA[edge]]>
              </value>
            </param>
          </params>
          <reporter-output>
          </reporter-output>
        </test-method> <!-- setup -->
        <test-method signature="veryfy_account_registration()[pri:0, instance:testCases.TC001_AccountRegistrationTest@741a8937]" started-at="2025-05-27T13:11:08 IST" name="veryfy_account_registration" finished-at="2025-05-27T13:11:11 IST" duration-ms="2740" status="PASS">
          <reporter-output>
          </reporter-output>
        </test-method> <!-- veryfy_account_registration -->
        <test-method is-config="true" signature="tearout()[pri:0, instance:testCases.TC001_AccountRegistrationTest@741a8937]" started-at="2025-05-27T13:11:11 IST" name="tearout" finished-at="2025-05-27T13:11:12 IST" duration-ms="1260" status="PASS">
          <reporter-output>
          </reporter-output>
        </test-method> <!-- tearout -->
      </class> <!-- testCases.TC001_AccountRegistrationTest -->
    </test> <!-- Test -->
  </suite> <!-- Suite -->
</testng-results>
